<?xml version="1.0" encoding="UTF-8" ?>
<testsuite failures="0" time="0" errors="0" skipped="0" tests="7" name="com.github.ecolangelo.core.XmlNavigationPathTest">
  <properties>
[...]
</properties>
  <testcase time="0" classname="com.github.ecolangelo.core.XmlNavigationPathTest" name="pushTwoTags_success"/>
  <testcase time="0" classname="com.github.ecolangelo.core.XmlNavigationPathTest" name="resolveStackAfterPushing_3_tags_success"/>
  <testcase time="0" classname="com.github.ecolangelo.core.XmlNavigationPathTest" name="resolveStackAfterPushing_1_tags_and_remove_5_success"/>
  <testcase time="0" classname="com.github.ecolangelo.core.XmlNavigationPathTest" name="push4Tags_and_remove2_integration_success"/>
  <testcase time="0" classname="com.github.ecolangelo.core.XmlNavigationPathTest" name="resolveStackAfterPushing_3_tags_and_remove_1_success"/>
  <testcase time="0" classname="com.github.ecolangelo.core.XmlNavigationPathTest" name="pushOneTag_success"/>
  <testcase time="0" classname="com.github.ecolangelo.core.XmlNavigationPathTest" name="resolveStackAfterPushing_5_tags_and_remove_4_success"/>
</testsuite>